<?xml version="1.0" encoding="UTF-8"?>
<coverage generated="1664273514756" clover="3.2.0">
  <project timestamp="1664273514757" name="All files">
    <metrics statements="48" coveredstatements="48" conditionals="4" coveredconditionals="4" methods="20" coveredmethods="20" elements="72" coveredelements="72" complexity="0" loc="48" ncloc="48" packages="6" files="10" classes="10"/>
    <package name="api">
      <metrics statements="4" coveredstatements="4" conditionals="0" coveredconditionals="0" methods="1" coveredmethods="1"/>
      <file name="getJobs.js" path="/Users/emirbalic/Documents/VueJS/Vue Boris/job-search/src/api/getJobs.js">
        <metrics statements="4" coveredstatements="4" conditionals="0" coveredconditionals="0" methods="1" coveredmethods="1"/>
        <line num="3" count="5" type="stmt"/>
        <line num="4" count="2" type="stmt"/>
        <line num="5" count="2" type="stmt"/>
        <line num="6" count="2" type="stmt"/>
      </file>
    </package>
    <package name="components.job-results">
      <metrics statements="2" coveredstatements="2" conditionals="0" coveredconditionals="0" methods="1" coveredmethods="1"/>
      <file name="JobListing.vue" path="/Users/emirbalic/Documents/VueJS/Vue Boris/job-search/src/components/job-results/JobListing.vue">
        <metrics statements="2" coveredstatements="2" conditionals="0" coveredconditionals="0" methods="1" coveredmethods="1"/>
        <line num="49" count="2" type="stmt"/>
        <line num="59" count="5" type="stmt"/>
      </file>
    </package>
    <package name="components.navigation">
      <metrics statements="4" coveredstatements="4" conditionals="0" coveredconditionals="0" methods="2" coveredmethods="2"/>
      <file name="ProfileImage.vue" path="/Users/emirbalic/Documents/VueJS/Vue Boris/job-search/src/components/navigation/ProfileImage.vue">
        <metrics statements="2" coveredstatements="2" conditionals="0" coveredconditionals="0" methods="1" coveredmethods="1"/>
        <line num="10" count="2" type="stmt"/>
        <line num="13" count="1" type="stmt"/>
      </file>
      <file name="SubNav.vue" path="/Users/emirbalic/Documents/VueJS/Vue Boris/job-search/src/components/navigation/SubNav.vue">
        <metrics statements="2" coveredstatements="2" conditionals="0" coveredconditionals="0" methods="1" coveredmethods="1"/>
        <line num="13" count="2" type="stmt"/>
        <line num="17" count="2" type="stmt"/>
      </file>
    </package>
    <package name="components.shared">
      <metrics statements="10" coveredstatements="10" conditionals="2" coveredconditionals="2" methods="6" coveredmethods="6"/>
      <file name="Accordion.vue" path="/Users/emirbalic/Documents/VueJS/Vue Boris/job-search/src/components/shared/Accordion.vue">
        <metrics statements="4" coveredstatements="4" conditionals="2" coveredconditionals="2" methods="3" coveredmethods="3"/>
        <line num="21" count="2" type="stmt"/>
        <line num="30" count="3" type="stmt"/>
        <line num="36" count="6" type="cond" truecount="2" falsecount="0"/>
        <line num="41" count="3" type="stmt"/>
      </file>
      <file name="ActionButton.vue" path="/Users/emirbalic/Documents/VueJS/Vue Boris/job-search/src/components/shared/ActionButton.vue">
        <metrics statements="3" coveredstatements="3" conditionals="0" coveredconditionals="0" methods="2" coveredmethods="2"/>
        <line num="6" count="3" type="stmt"/>
        <line num="18" count="9" type="stmt"/>
        <line num="24" count="3" type="stmt"/>
      </file>
      <file name="HeaderContainer.vue" path="/Users/emirbalic/Documents/VueJS/Vue Boris/job-search/src/components/shared/HeaderContainer.vue">
        <metrics statements="1" coveredstatements="1" conditionals="0" coveredconditionals="0" methods="0" coveredmethods="0"/>
        <line num="11" count="1" type="stmt"/>
      </file>
      <file name="TextInput.vue" path="/Users/emirbalic/Documents/VueJS/Vue Boris/job-search/src/components/shared/TextInput.vue">
        <metrics statements="2" coveredstatements="2" conditionals="0" coveredconditionals="0" methods="1" coveredmethods="1"/>
        <line num="12" count="2" type="stmt"/>
        <line num="34" count="5" type="stmt"/>
      </file>
    </package>
    <package name="store">
      <metrics statements="23" coveredstatements="23" conditionals="2" coveredconditionals="2" methods="9" coveredmethods="9"/>
      <file name="index.js" path="/Users/emirbalic/Documents/VueJS/Vue Boris/job-search/src/store/index.js">
        <metrics statements="23" coveredstatements="23" conditionals="2" coveredconditionals="2" methods="9" coveredmethods="9"/>
        <line num="5" count="4" type="stmt"/>
        <line num="6" count="4" type="stmt"/>
        <line num="7" count="4" type="stmt"/>
        <line num="9" count="4" type="stmt"/>
        <line num="10" count="4" type="stmt"/>
        <line num="11" count="4" type="stmt"/>
        <line num="14" count="4" type="stmt"/>
        <line num="15" count="7" type="stmt"/>
        <line num="22" count="4" type="stmt"/>
        <line num="24" count="1" type="stmt"/>
        <line num="27" count="1" type="stmt"/>
        <line num="30" count="1" type="stmt"/>
        <line num="34" count="4" type="stmt"/>
        <line num="36" count="1" type="stmt"/>
        <line num="37" count="3" type="stmt"/>
        <line num="38" count="1" type="stmt"/>
        <line num="41" count="2" type="cond" truecount="2" falsecount="0"/>
        <line num="42" count="1" type="stmt"/>
        <line num="43" count="3" type="stmt"/>
        <line num="48" count="4" type="stmt"/>
        <line num="50" count="2" type="stmt"/>
        <line num="51" count="2" type="stmt"/>
        <line num="55" count="4" type="stmt"/>
      </file>
    </package>
    <package name="utils">
      <metrics statements="5" coveredstatements="5" conditionals="0" coveredconditionals="0" methods="1" coveredmethods="1"/>
      <file name="nextElementInList.js" path="/Users/emirbalic/Documents/VueJS/Vue Boris/job-search/src/utils/nextElementInList.js">
        <metrics statements="5" coveredstatements="5" conditionals="0" coveredconditionals="0" methods="1" coveredmethods="1"/>
        <line num="1" count="2" type="stmt"/>
        <line num="3" count="5" type="stmt"/>
        <line num="4" count="5" type="stmt"/>
        <line num="5" count="5" type="stmt"/>
        <line num="6" count="5" type="stmt"/>
      </file>
    </package>
  </project>
</coverage>
