{"/Users/emirbalic/Documents/VueJS/Vue Boris/job-search/src/components/navigation/ProfileImage.vue": {"path":"/Users/emirbalic/Documents/VueJS/Vue Boris/job-search/src/components/navigation/ProfileImage.vue","statementMap":{"0":{"start":{"line":10,"column":17},"end":{"line":10,"column":null}},"1":{"start":{"line":13,"column":6},"end":{"line":13,"column":13}}},"fnMap":{"0":{"name":"(anonymous_0)","decl":{"start":{"line":12,"column":4},"end":{"line":12,"column":8}},"loc":{"start":{"line":12,"column":11},"end":{"line":16,"column":null}}}},"branchMap":{},"s":{"0":2,"1":1},"f":{"0":1},"b":{}}
,"/Users/emirbalic/Documents/VueJS/Vue Boris/job-search/src/components/navigation/SubNav.vue": {"path":"/Users/emirbalic/Documents/VueJS/Vue Boris/job-search/src/components/navigation/SubNav.vue","statementMap":{"0":{"start":{"line":13,"column":17},"end":{"line":13,"column":null}},"1":{"start":{"line":16,"column":6},"end":{"line":16,"column":13}}},"fnMap":{"0":{"name":"(anonymous_0)","decl":{"start":{"line":15,"column":4},"end":{"line":15,"column":8}},"loc":{"start":{"line":15,"column":11},"end":{"line":20,"column":null}}}},"branchMap":{},"s":{"0":2,"1":2},"f":{"0":2},"b":{}}
,"/Users/emirbalic/Documents/VueJS/Vue Boris/job-search/src/components/shared/ActionButton.vue": {"path":"/Users/emirbalic/Documents/VueJS/Vue Boris/job-search/src/components/shared/ActionButton.vue","statementMap":{"0":{"start":{"line":6,"column":17},"end":{"line":6,"column":null}},"1":{"start":{"line":21,"column":10},"end":{"line":21,"column":17}},"2":{"start":{"line":27,"column":8},"end":{"line":27,"column":15}}},"fnMap":{"0":{"name":"(anonymous_0)","decl":{"start":{"line":20,"column":8},"end":{"line":20,"column":17}},"loc":{"start":{"line":20,"column":24},"end":{"line":22,"column":null}}},"1":{"name":"(anonymous_1)","decl":{"start":{"line":26,"column":6},"end":{"line":26,"column":17}},"loc":{"start":{"line":26,"column":20},"end":{"line":30,"column":null}}}},"branchMap":{},"s":{"0":2,"1":7,"2":2},"f":{"0":7,"1":2},"b":{}}
,"/Users/emirbalic/Documents/VueJS/Vue Boris/job-search/src/components/shared/TextInput.vue": {"path":"/Users/emirbalic/Documents/VueJS/Vue Boris/job-search/src/components/shared/TextInput.vue","statementMap":{"0":{"start":{"line":12,"column":17},"end":{"line":12,"column":null}},"1":{"start":{"line":34,"column":8},"end":{"line":34,"column":13}}},"fnMap":{"0":{"name":"(anonymous_0)","decl":{"start":{"line":32,"column":6},"end":{"line":32,"column":17}},"loc":{"start":{"line":32,"column":26},"end":{"line":35,"column":null}}}},"branchMap":{},"s":{"0":1,"1":3},"f":{"0":3},"b":{}}
,"/Users/emirbalic/Documents/VueJS/Vue Boris/job-search/src/utils/nextElementInList.js": {"path":"/Users/emirbalic/Documents/VueJS/Vue Boris/job-search/src/utils/nextElementInList.js","statementMap":{"0":{"start":{"line":1,"column":26},"end":{"line":7,"column":1}},"1":{"start":{"line":3,"column":28},"end":{"line":3,"column":47}},"2":{"start":{"line":4,"column":25},"end":{"line":4,"column":62}},"3":{"start":{"line":5,"column":20},"end":{"line":5,"column":40}},"4":{"start":{"line":6,"column":2},"end":{"line":6,"column":19}}},"fnMap":{"0":{"name":"(anonymous_0)","decl":{"start":{"line":1,"column":26},"end":{"line":1,"column":27}},"loc":{"start":{"line":1,"column":43},"end":{"line":7,"column":1}},"line":1}},"branchMap":{},"s":{"0":2,"1":5,"2":5,"3":5,"4":5},"f":{"0":5},"b":{},"_coverageSchema":"1a1c01bbd47fc00a2c39e90264f33305004495a9","hash":"17fc554cb386cfd09a38bcd9c3ac5557776ddb6b"}
}
